Change Component Designator: OldDesignator=C1 NewDesignator=C4
Change Component Designator: OldDesignator=C2 NewDesignator=C5
Change Component Designator: OldDesignator=C3 NewDesignator=C1
Change Component Designator: OldDesignator=C4 NewDesignator=C2
Change Component Designator: OldDesignator=C5 NewDesignator=C3
Change Component Designator: OldDesignator=D5 NewDesignator=D6
Change Component Designator: OldDesignator=D6 NewDesignator=D5
Change Component Designator: OldDesignator=J1 NewDesignator=J4
Change Component Designator: OldDesignator=J3 NewDesignator=J1
Change Component Designator: OldDesignator=J4 NewDesignator=J3
Change Component Designator: OldDesignator=R3 NewDesignator=R5
Change Component Designator: OldDesignator=R4 NewDesignator=R19
Change Component Designator: OldDesignator=R5 NewDesignator=R24
Change Component Designator: OldDesignator=R6 NewDesignator=R25
Change Component Designator: OldDesignator=R7 NewDesignator=R26
Change Component Designator: OldDesignator=R8 NewDesignator=R13
Change Component Designator: OldDesignator=R9 NewDesignator=R27
Change Component Designator: OldDesignator=R10 NewDesignator=R28
Change Component Designator: OldDesignator=R11 NewDesignator=R29
Change Component Designator: OldDesignator=R12 NewDesignator=R30
Change Component Designator: OldDesignator=R13 NewDesignator=R31
Change Component Designator: OldDesignator=R14 NewDesignator=R32
Change Component Designator: OldDesignator=R15 NewDesignator=R21
Change Component Designator: OldDesignator=R16 NewDesignator=R33
Change Component Designator: OldDesignator=R17 NewDesignator=R34
Change Component Designator: OldDesignator=R18 NewDesignator=R35
Change Component Designator: OldDesignator=R19 NewDesignator=R36
Change Component Designator: OldDesignator=R20 NewDesignator=R3
Change Component Designator: OldDesignator=R21 NewDesignator=R4
Change Component Designator: OldDesignator=R22 NewDesignator=R37
Change Component Designator: OldDesignator=R23 NewDesignator=R6
Change Component Designator: OldDesignator=R24 NewDesignator=R14
Change Component Designator: OldDesignator=R25 NewDesignator=R7
Change Component Designator: OldDesignator=R26 NewDesignator=R11
Change Component Designator: OldDesignator=R27 NewDesignator=R46
Change Component Designator: OldDesignator=R28 NewDesignator=R20
Change Component Designator: OldDesignator=R29 NewDesignator=R8
Change Component Designator: OldDesignator=R30 NewDesignator=R9
Change Component Designator: OldDesignator=R31 NewDesignator=R10
Change Component Designator: OldDesignator=R32 NewDesignator=R12
Change Component Designator: OldDesignator=R33 NewDesignator=R15
Change Component Designator: OldDesignator=R34 NewDesignator=R22
Change Component Designator: OldDesignator=R35 NewDesignator=R23
Change Component Designator: OldDesignator=R36 NewDesignator=R16
Change Component Designator: OldDesignator=R37 NewDesignator=R17
Change Component Designator: OldDesignator=R38 NewDesignator=R18
Change Component Designator: OldDesignator=R39 NewDesignator=R38
Change Component Designator: OldDesignator=R40 NewDesignator=R39
Change Component Designator: OldDesignator=R41 NewDesignator=R40
Change Component Designator: OldDesignator=R42 NewDesignator=R41
Change Component Designator: OldDesignator=R43 NewDesignator=R42
Change Component Designator: OldDesignator=R44 NewDesignator=R43
Change Component Designator: OldDesignator=R45 NewDesignator=R44
Change Component Designator: OldDesignator=R46 NewDesignator=R45
Change Component Designator: OldDesignator=U3 NewDesignator=U5
Change Component Designator: OldDesignator=U4 NewDesignator=U3
Change Component Designator: OldDesignator=U5 NewDesignator=U4
Change Net Name : Old Net Name=NetD5_1 New Net Name=NetD6_1
Change Net Name : Old Net Name=NetD5_2 New Net Name=NetD6_2
Change Net Name : Old Net Name=NetD6_1 New Net Name=NetD5_1
Change Net Name : Old Net Name=NetR3_1 New Net Name=NetR5_1
Change Net Name : Old Net Name=NetR20_1 New Net Name=NetR3_1
Change Net Name : Old Net Name=NetR23_1 New Net Name=NetR6_1
Change Net Name : Old Net Name=NetR28_1 New Net Name=NetR20_1
Change Net Name : Old Net Name=NetR33_2 New Net Name=NetR15_2
Change Net Name : Old Net Name=NetR35_1 New Net Name=NetR23_1
Change Net Name : Old Net Name=NetR36_1 New Net Name=NetR16_1
Change Net Name : Old Net Name=NetR37_1 New Net Name=NetR17_1
Change Net Name : Old Net Name=NetR39_2 New Net Name=NetR38_2
Change Net Name : Old Net Name=NetR40_2 New Net Name=NetR39_2
Change Net Name : Old Net Name=NetR41_2 New Net Name=NetR40_2
Change Net Name : Old Net Name=NetR43_2 New Net Name=NetR42_2
Change Net Name : Old Net Name=NetR44_2 New Net Name=NetR43_2
