Removed Pin From Net: NetName=GND Pin=C19-1
Removed Pin From Net: NetName=VIN Pin=C19-2
Removed Pin From Net: NetName=GND Pin=C21-2
Removed Pin From Net: NetName=GND Pin=C23-1
Removed Pin From Net: NetName=5V0 Pin=C23-2
Removed Pin From Net: NetName=5V0 Pin=C25-1
Removed Pin From Net: NetName=FB Pin=R47-1
Removed Pin From Net: NetName=5V0 Pin=R48-2
Removed Pin From Net: NetName=GND Pin=R50-1
Removed Pin From Net: NetName=VIN Pin=U12-1
Removed Pin From Net: NetName=GND Pin=U12-2
Removed Pin From Net: NetName=FB Pin=U12-4
Removed Pin From Net: NetName=GND Pin=U12-9
Removed Member From Class: ClassName=Power Section Member=C19
Removed Member From Class: ClassName=Power Section Member=C21
Removed Member From Class: ClassName=Power Section Member=C22
Removed Member From Class: ClassName=Power Section Member=C23
Removed Member From Class: ClassName=Power Section Member=C25
Removed Member From Class: ClassName=Power Section Member=R16
Removed Member From Class: ClassName=Controller Member=R36
Removed Member From Class: ClassName=IMU Member=R37
Removed Member From Class: ClassName=Controller Member=R40
Removed Member From Class: ClassName=Controller Member=R41
Removed Member From Class: ClassName=Controller Member=R43
Removed Member From Class: ClassName=Power Section Member=R47
Removed Member From Class: ClassName=Power Section Member=R48
Removed Member From Class: ClassName=Power Section Member=R50
Removed Member From Class: ClassName=Power Section Member=U12
Change Component Designator: OldDesignator=C1 NewDesignator=C2
Change Component Designator: OldDesignator=C2 NewDesignator=C3
Change Component Designator: OldDesignator=C3 NewDesignator=C4
Change Component Designator: OldDesignator=C4 NewDesignator=C1
Change Component Designator: OldDesignator=C6 NewDesignator=C12
Change Component Designator: OldDesignator=C9 NewDesignator=C15
Change Component Designator: OldDesignator=C12 NewDesignator=C8
Change Component Designator: OldDesignator=C13 NewDesignator=C9
Change Component Designator: OldDesignator=C16 NewDesignator=C6
Change Component Designator: OldDesignator=C17 NewDesignator=C7
Change Component Designator: OldDesignator=C18 NewDesignator=C11
Change Component Designator: OldDesignator=C20 NewDesignator=C13
Change Component Designator: OldDesignator=C24 NewDesignator=C14
Change Component Designator: OldDesignator=C26 NewDesignator=C16
Change Component Designator: OldDesignator=D1 NewDesignator=D2
Change Component Designator: OldDesignator=J2 NewDesignator=J1
Change Component Designator: OldDesignator=J3 NewDesignator=J5
Change Component Designator: OldDesignator=J6 NewDesignator=J3
Change Component Designator: OldDesignator=J7 NewDesignator=J2
Change Component Designator: OldDesignator=J12 NewDesignator=J4
Change Component Designator: OldDesignator=R1 NewDesignator=R4
Change Component Designator: OldDesignator=R2 NewDesignator=R6
Change Component Designator: OldDesignator=R3 NewDesignator=R36
Change Component Designator: OldDesignator=R4 NewDesignator=R17
Change Component Designator: OldDesignator=R5 NewDesignator=R35
Change Component Designator: OldDesignator=R6 NewDesignator=R12
Change Component Designator: OldDesignator=R7 NewDesignator=R11
Change Component Designator: OldDesignator=R8 NewDesignator=R13
Change Component Designator: OldDesignator=R9 NewDesignator=R32
Change Component Designator: OldDesignator=R10 NewDesignator=R33
Change Component Designator: OldDesignator=R11 NewDesignator=R34
Change Component Designator: OldDesignator=R12 NewDesignator=R1
Change Component Designator: OldDesignator=R13 NewDesignator=R3
Change Component Designator: OldDesignator=R14 NewDesignator=R18
Change Component Designator: OldDesignator=R15 NewDesignator=R14
Change Component Designator: OldDesignator=R24 NewDesignator=R25
Change Component Designator: OldDesignator=R25 NewDesignator=R24
Change Component Designator: OldDesignator=R27 NewDesignator=R28
Change Component Designator: OldDesignator=R28 NewDesignator=R22
Change Component Designator: OldDesignator=R29 NewDesignator=R23
Change Component Designator: OldDesignator=R30 NewDesignator=R29
Change Component Designator: OldDesignator=R36 NewDesignator=R15
Change Component Designator: OldDesignator=R37 NewDesignator=R27
Change Component Designator: OldDesignator=R38 NewDesignator=R16
Change Component Designator: OldDesignator=R39 NewDesignator=R19
Change Component Designator: OldDesignator=R40 NewDesignator=R2
Change Component Designator: OldDesignator=R41 NewDesignator=R8
Change Component Designator: OldDesignator=R42 NewDesignator=R5
Change Component Designator: OldDesignator=R43 NewDesignator=R7
Change Component Designator: OldDesignator=R44 NewDesignator=R9
Change Component Designator: OldDesignator=R45 NewDesignator=R10
Change Component Designator: OldDesignator=R46 NewDesignator=R30
Change Component Designator: OldDesignator=R49 NewDesignator=R31
Change Component Designator: OldDesignator=U2 NewDesignator=U9
Change Component Designator: OldDesignator=U3 NewDesignator=U8
Change Component Designator: OldDesignator=U5 NewDesignator=U6
Change Component Designator: OldDesignator=U7 NewDesignator=U5
Change Component Designator: OldDesignator=U8 NewDesignator=U4
Change Component Designator: OldDesignator=U9 NewDesignator=U1
Change Component Designator: OldDesignator=U10 NewDesignator=U2
Change Component Designator: OldDesignator=U11 NewDesignator=U3
Change component parameters: Designator = "C6" ("C12"); Footprint = "CAP_D12.5_H21_P5"; UniqueID = "\YDFJVTMC\RUDJULNW" ("\YDFJVTMC\RUDJULNW")
Change component parameters (AddParameter): Name = "Manufacturer 1"; Value = "Sharvi"; VariantName = "[No Variations]"
Change component parameters (AddParameter): Name = "Manufacturer Part Number 1"; Value = "ST2136CO4725"; VariantName = "[No Variations]"
Change component parameters (AddParameter): Name = "Package"; Value = "12.5X5"; VariantName = "[No Variations]"
Change component parameters (AddParameter): Name = "Supplier 1"; Value = ""; VariantName = "[No Variations]"
Change component parameters (AddParameter): Name = "Value"; Value = "100uF"; VariantName = "[No Variations]"
Change component parameters: Designator = "C18" ("C11"); Footprint = "CAP_D12.5_H21_P5"; UniqueID = "\YDFJVTMC\GTKOUEIH" ("\YDFJVTMC\GTKOUEIH")
Change component parameters (AddParameter): Name = "Manufacturer 1"; Value = "Sharvi"; VariantName = "[No Variations]"
Change component parameters (AddParameter): Name = "Manufacturer Part Number 1"; Value = "ST2136CO4725"; VariantName = "[No Variations]"
Change component parameters (AddParameter): Name = "Package"; Value = "12.5X5"; VariantName = "[No Variations]"
Change component parameters (AddParameter): Name = "Supplier 1"; Value = ""; VariantName = "[No Variations]"
Change component parameters (AddParameter): Name = "Value"; Value = "100uF"; VariantName = "[No Variations]"
Change component parameters: Designator = "C20" ("C13"); Footprint = "CAPC1608X10N"; UniqueID = "\YDFJVTMC\LDBLIZKS" ("\YDFJVTMC\LDBLIZKS")
Change component parameters (AddParameter): Name = "ERP"; Value = ""; VariantName = "[No Variations]"
Change component parameters (AddParameter): Name = "Manufacturer 1"; Value = ""; VariantName = "[No Variations]"
Change component parameters (AddParameter): Name = "Manufacturer Part Number 1"; Value = ""; VariantName = "[No Variations]"
Change component parameters (AddParameter): Name = "Package"; Value = "0603"; VariantName = "[No Variations]"
Change component parameters (AddParameter): Name = "Supplier 1"; Value = ""; VariantName = "[No Variations]"
Change component parameters (AddParameter): Name = "Suuplier Part Number 1"; Value = ""; VariantName = "[No Variations]"
Change component parameters (AddParameter): Name = "Value"; Value = "100nF"; VariantName = "[No Variations]"
Change component parameters: Designator = "F1" ("F1"); Footprint = "0679L"; UniqueID = "\YDFJVTMC\ZQEFJLEL" ("\YDFJVTMC\ZQEFJLEL")
Change component parameters (AddParameter): Name = "Manufacturer 1"; Value = "Sharvi"; VariantName = "[No Variations]"
Change component parameters (AddParameter): Name = "Manufacturer Part Number 1"; Value = "ST2103SD1995"; VariantName = "[No Variations]"
Change component parameters (AddParameter): Name = "Value"; Value = "2A"; VariantName = "[No Variations]"
Change component parameters: Designator = "J3" ("J5"); Footprint = "KLDX-0202-AC"; UniqueID = "\YDFJVTMC\SBQMXGWH" ("\YDFJVTMC\SBQMXGWH")
Change component parameters (AddParameter): Name = "Manufacturer 1"; Value = "Sharvi"; VariantName = "[No Variations]"
Change component parameters (AddParameter): Name = "Manufacturer Part Number 1"; Value = "ST2001CO0701"; VariantName = "[No Variations]"
Change component parameters (AddParameter): Name = "Value"; Value = "NA"; VariantName = "[No Variations]"
Change component parameters: Designator = "L1" ("L1"); Footprint = "IND_1212"; UniqueID = "\YDFJVTMC\AZPQBUHD" ("\YDFJVTMC\AZPQBUHD")
Change component parameters (AddParameter): Name = "Manufacturer 1"; Value = "Sharvi"; VariantName = "[No Variations]"
Change component parameters (AddParameter): Name = "Manufacturer Part Number 1"; Value = "ST2103SD1710"; VariantName = "[No Variations]"
Change component parameters (AddParameter): Name = "Value"; Value = "47uH"; VariantName = "[No Variations]"
Change component parameters: Designator = "R46" ("R30"); Footprint = "RES_0603"; UniqueID = "\YDFJVTMC\ITNTWBYM" ("\YDFJVTMC\ITNTWBYM")
Change component parameters (AddParameter): Name = "ERP"; Value = ""; VariantName = "[No Variations]"
Change component parameters (AddParameter): Name = "Manufacturer 1"; Value = "YAGEO"; VariantName = "[No Variations]"
Change component parameters (AddParameter): Name = "Manufacturer Part Number 1"; Value = "RC0603FR-07301KL"; VariantName = "[No Variations]"
Change component parameters (AddParameter): Name = "Package"; Value = "0603"; VariantName = "[No Variations]"
Change component parameters (AddParameter): Name = "Supplier 1"; Value = ""; VariantName = "[No Variations]"
Change component parameters (AddParameter): Name = "Supplier Part Number 1"; Value = ""; VariantName = "[No Variations]"
Change component parameters (AddParameter): Name = "Value"; Value = "10k"; VariantName = "[No Variations]"
Change component parameters: Designator = "R49" ("R31"); Footprint = "RES_0603"; UniqueID = "\YDFJVTMC\EWJNRXII" ("\YDFJVTMC\EWJNRXII")
Change component parameters (AddParameter): Name = "ERP"; Value = ""; VariantName = "[No Variations]"
Change component parameters (AddParameter): Name = "Manufacturer 1"; Value = "YAGEO"; VariantName = "[No Variations]"
Change component parameters (AddParameter): Name = "Manufacturer Part Number 1"; Value = "RC0603FR-0757K6L"; VariantName = "[No Variations]"
Change component parameters (AddParameter): Name = "Package"; Value = "0603"; VariantName = "[No Variations]"
Change component parameters (AddParameter): Name = "Supplier 1"; Value = ""; VariantName = "[No Variations]"
Change component parameters (AddParameter): Name = "Supplier Part Number 1"; Value = ""; VariantName = "[No Variations]"
Change component parameters (AddParameter): Name = "Value"; Value = "3k3"; VariantName = "[No Variations]"
Added Component: Designator=C10(CAPC1608X10N)
Add component (AddParameter): Name = "ERP"; Value = ""; VariantName = "[No Variations]"
Add component (AddParameter): Name = "Manufacturer 1"; Value = ""; VariantName = "[No Variations]"
Add component (AddParameter): Name = "Manufacturer Part Number 1"; Value = ""; VariantName = "[No Variations]"
Add component (AddParameter): Name = "Package"; Value = "0603"; VariantName = "[No Variations]"
Add component (AddParameter): Name = "Supplier 1"; Value = ""; VariantName = "[No Variations]"
Add component (AddParameter): Name = "Suuplier Part Number 1"; Value = ""; VariantName = "[No Variations]"
Add component (AddParameter): Name = "Value"; Value = "1uF"; VariantName = "[No Variations]"
Added Component: Designator=D1(DIOM6959X26L)
Add component (AddParameter): Name = "ERP"; Value = ""; VariantName = "[No Variations]"
Add component (AddParameter): Name = "Manufacturer 1"; Value = "Sharvi"; VariantName = "[No Variations]"
Add component (AddParameter): Name = "Manufacturer Part Number 1"; Value = "ST2103SD0940"; VariantName = "[No Variations]"
Add component (AddParameter): Name = "Package"; Value = "SMC"; VariantName = "[No Variations]"
Add component (AddParameter): Name = "Supplier  1"; Value = ""; VariantName = "[No Variations]"
Add component (AddParameter): Name = "Supplier Part Number 1"; Value = ""; VariantName = "[No Variations]"
Add component (AddParameter): Name = "Value"; Value = ""; VariantName = "[No Variations]"
Added Component: Designator=U7(XL4015)
Add component (AddParameter): Name = "Manufacturer 1"; Value = "Sharvi"; VariantName = "[No Variations]"
Add component (AddParameter): Name = "Manufacturer Part Number 1"; Value = "ST2103SD1331"; VariantName = "[No Variations]"
Add component (AddParameter): Name = "Value"; Value = ""; VariantName = "[No Variations]"
Added Pin To Net: NetName=VIN Pin=C10-1
Added Pin To Net: NetName=5V0 Pin=C12-1
Added Pin To Net: NetName=GND Pin=D1-2
Added Pin To Net: NetName=GND Pin=J1-2
Added Pin To Net: NetName=RTS Pin=J1-3
Added Pin To Net: NetName=DTR Pin=J1-4
Added Pin To Net: NetName=TXD0 Pin=J1-5
Added Pin To Net: NetName=RXD0 Pin=J1-6
Added Pin To Net: NetName=GND Pin=SW1-2
Added Pin To Net: NetName=GND Pin=U7-1
Added Pin To Net: NetName=FB Pin=U7-2
Added Pin To Net: NetName=VIN Pin=U7-5
Change Net Name : Old Net Name=NetC4_1 New Net Name=NetC1_1
Change Net Name : Old Net Name=NetD1_1 New Net Name=NetD2_1
Change Net Name : Old Net Name=NetR8_1 New Net Name=NetR13_1
Change Net Name : Old Net Name=NetR9_1 New Net Name=NetR32_1
Change Net Name : Old Net Name=NetR12_1 New Net Name=NetR1_1
Change Net Name : Old Net Name=NetR13_1 New Net Name=NetR3_1
Change Net Name : Old Net Name=NetR24_2 New Net Name=NetR25_2
Change Net Name : Old Net Name=NetR25_1 New Net Name=NetR24_1
Change Net Name : Old Net Name=NetR28_1 New Net Name=NetR22_1
Change Net Name : Old Net Name=NetR29_2 New Net Name=NetR23_2
Change Net Name : Old Net Name=NetR36_1 New Net Name=NetR15_1
Change Net Name : Old Net Name=NetR38_1 New Net Name=NetR16_1
Change Net Name : Old Net Name=NetR43_1 New Net Name=NetR7_1
Change Net Name : Old Net Name=NetR44_1 New Net Name=NetR9_1
Added Pin To Net: NetName=NetC10_2 Pin=C10-2
Added Pin To Net: NetName=NetC10_2 Pin=U7-4
Added Net: Name=NetC10_2
Added Pin To Net: NetName=NetD1_1 Pin=D1-1
Added Pin To Net: NetName=NetD1_1 Pin=L1-1
Added Pin To Net: NetName=NetD1_1 Pin=U7-3
Added Pin To Net: NetName=NetD1_1 Pin=U7-6
Added Net: Name=NetD1_1
Added Member To Class: ClassName=Power Section Member=Component C10 ERP_102-1
Added Member To Class: ClassName=Controller Member=Component R11 ERP_101-1
Added Member To Class: ClassName=Controller Member=Component R13 ERP_101-1
Added Member To Class: ClassName=Controller Member=Component R17 ERP_101-1
Added Member To Class: ClassName=Controller Member=Component R18 ERP_101-1
Added Member To Class: ClassName=IMU Member=Component R28 ERP_101-1
Added Member To Class: ClassName=Power Section Member=Component U7 XL4015
