Removed Pin From Net: NetName=GND Pin=M1-15
Removed Pin From Net: NetName=IO0 Pin=M1-25
Removed Pin From Net: NetName=GND Pin=M1-38
Removed Pin From Net: NetName=GND Pin=M1-39
Removed Pin From Net: NetName=SDA Pin=R15-1
Removed Pin From Net: NetName=NetM1_16 Pin=R15-2
Removed Pin From Net: NetName=SCL Pin=R16-1
Removed Pin From Net: NetName=NetM1_13 Pin=R16-2
Removed Pin From Net: NetName=NetM1_28 Pin=R18-2
Removed Pin From Net: NetName=NetM1_30 Pin=R19-2
Removed Pin From Net: NetName=ENC_A_OUT Pin=R21-1
Removed Pin From Net: NetName=NetM1_33 Pin=R21-2
Removed Pin From Net: NetName=ENC_B_OUT Pin=R22-1
Removed Pin From Net: NetName=NetM1_36 Pin=R22-2
Removed Pin From Net: NetName=NetM1_37 Pin=R23-2
Removed Pin From Net: NetName=NetM1_10 Pin=R24-2
Removed Pin From Net: NetName=IR_OUT Pin=R26-1
Removed Pin From Net: NetName=NetM1_12 Pin=R26-2
Removed Pin From Net: NetName=HEARTBEAT Pin=R27-1
Removed Pin From Net: NetName=NetM1_8 Pin=R27-2
Removed Pin From Net: NetName=NetM1_9 Pin=R28-2
Removed Pin From Net: NetName=RXD0 Pin=R33-1
Removed Pin From Net: NetName=NetM1_35 Pin=R33-2
Removed Pin From Net: NetName=TXD0 Pin=R34-1
Removed Pin From Net: NetName=GND Pin=R35-1
Removed Pin From Net: NetName=GND Pin=R35-2
Removed Pin From Net: NetName=3V3 Pin=R38-1
Removed Pin From Net: NetName=3V3 Pin=R38-2
Removed Pin From Net: NetName=GND Pin=R39-1
Removed Pin From Net: NetName=GND Pin=R39-2
Removed Member From Class: ClassName=Controller Member=R43
Removed Member From Class: ClassName=Controller Member=R44
Removed Member From Class: ClassName=Controller Member=R45
Change Component Footprint: Designator=M1 Old Footprint=ESP32-WROOM-32E New Footprint=ESP32_S3-32E_WROOM
Change Component Comment : Designator=M1 Old Comment=ESP32-WROOM-32E New Comment=ESP32_S3-32E_WROOM
Change Component Designator: OldDesignator=R5 NewDesignator=R9
Change Component Designator: OldDesignator=R6 NewDesignator=R18
Change Component Designator: OldDesignator=R7 NewDesignator=R25
Change Component Designator: OldDesignator=R8 NewDesignator=R26
Change Component Designator: OldDesignator=R9 NewDesignator=R28
Change Component Designator: OldDesignator=R10 NewDesignator=R29
Change Component Designator: OldDesignator=R11 NewDesignator=R30
Change Component Designator: OldDesignator=R12 NewDesignator=R31
Change Component Designator: OldDesignator=R13 NewDesignator=R32
Change Component Designator: OldDesignator=R29 NewDesignator=R33
Change Component Designator: OldDesignator=R32 NewDesignator=R34
Change Component Designator: OldDesignator=R36 NewDesignator=R35
Change Component Designator: OldDesignator=R37 NewDesignator=R36
Change Component Designator: OldDesignator=R40 NewDesignator=R37
Change Component Designator: OldDesignator=R41 NewDesignator=R38
Change Component Designator: OldDesignator=R42 NewDesignator=R39
Change Component Designator: OldDesignator=R43 NewDesignator=R40
Change Component Designator: OldDesignator=R44 NewDesignator=R41
Change Component Designator: OldDesignator=R45 NewDesignator=R42
Change Component Designator: OldDesignator=R46 NewDesignator=R43
Change Component Designator: OldDesignator=R47 NewDesignator=R44
Change Component Designator: OldDesignator=R48 NewDesignator=R45
Change Component Designator: OldDesignator=R49 NewDesignator=R46
Change Component Designator: OldDesignator=R50 NewDesignator=R47
Change Component Designator: OldDesignator=R51 NewDesignator=R48
Change Component Designator: OldDesignator=R52 NewDesignator=R49
Change Component Designator: OldDesignator=R53 NewDesignator=R50
Change Component Designator: OldDesignator=R54 NewDesignator=R51
Change Component Designator: OldDesignator=R55 NewDesignator=R52
Change Component Designator: OldDesignator=R56 NewDesignator=R53
Change Component Designator: OldDesignator=R57 NewDesignator=R54
Change Component Designator: OldDesignator=R58 NewDesignator=R55
Change Component Designator: OldDesignator=R59 NewDesignator=R56
Change component parameters: Designator = "M1" ("M1"); Footprint = "ESP32-WROOM-32E"; UniqueID = "\SQDBTPBC\PPHINJXX" ("\SQDBTPBC\PPHINJXX")
Change component parameters (AddParameter): Name = "Manufacturer 1"; Value = "Espressif Systems"; VariantName = "[No Variations]"
Change component parameters (AddParameter): Name = "Manufacturer Part Number 1"; Value = ""; VariantName = "[No Variations]"
Change component parameters (AddParameter): Name = "Package"; Value = ""; VariantName = "[No Variations]"
Change component parameters: Designator = "R23" ("R23"); Footprint = "RES_0603"; UniqueID = "\SQDBTPBC\OBGTEHZN" ("\SQDBTPBC\OBGTEHZN")
Change component parameters (AddParameter): Name = "ERP"; Value = ""; VariantName = "[No Variations]"
Change component parameters (AddParameter): Name = "Manufacturer 1"; Value = "YAGEO"; VariantName = "[No Variations]"
Change component parameters (AddParameter): Name = "Manufacturer Part Number 1"; Value = "RC0603JR-07470RL"; VariantName = "[No Variations]"
Change component parameters (AddParameter): Name = "Package"; Value = "0603"; VariantName = "[No Variations]"
Change component parameters (AddParameter): Name = "Supplier 1"; Value = ""; VariantName = "[No Variations]"
Change component parameters (AddParameter): Name = "Supplier 2"; Value = "Digikey"; VariantName = "[No Variations]"
Change component parameters (AddParameter): Name = "Supplier Part Number 1"; Value = ""; VariantName = "[No Variations]"
Change component parameters (AddParameter): Name = "Supplier Part Number 2"; Value = "311-470GRCT-ND"; VariantName = "[No Variations]"
Change component parameters (AddParameter): Name = "Value"; Value = "10k"; VariantName = "[No Variations]"
Added Component: Designator=R5(RES_0603)
Add component (AddParameter): Name = "ERP"; Value = ""; VariantName = "[No Variations]"
Add component (AddParameter): Name = "Manufacturer 1"; Value = "YAGEO"; VariantName = "[No Variations]"
Add component (AddParameter): Name = "Manufacturer Part Number 1"; Value = "RC0603JR-07470RL"; VariantName = "[No Variations]"
Add component (AddParameter): Name = "Package"; Value = "0603"; VariantName = "[No Variations]"
Add component (AddParameter): Name = "Supplier 1"; Value = ""; VariantName = "[No Variations]"
Add component (AddParameter): Name = "Supplier 2"; Value = "Digikey"; VariantName = "[No Variations]"
Add component (AddParameter): Name = "Supplier Part Number 1"; Value = ""; VariantName = "[No Variations]"
Add component (AddParameter): Name = "Supplier Part Number 2"; Value = "311-470GRCT-ND"; VariantName = "[No Variations]"
Add component (AddParameter): Name = "Value"; Value = "0R"; VariantName = "[No Variations]"
Added Component: Designator=R6(RES_0603)
Add component (AddParameter): Name = "ERP"; Value = ""; VariantName = "[No Variations]"
Add component (AddParameter): Name = "Manufacturer 1"; Value = "YAGEO"; VariantName = "[No Variations]"
Add component (AddParameter): Name = "Manufacturer Part Number 1"; Value = "RC0603JR-07470RL"; VariantName = "[No Variations]"
Add component (AddParameter): Name = "Package"; Value = "0603"; VariantName = "[No Variations]"
Add component (AddParameter): Name = "Supplier 1"; Value = ""; VariantName = "[No Variations]"
Add component (AddParameter): Name = "Supplier 2"; Value = "Digikey"; VariantName = "[No Variations]"
Add component (AddParameter): Name = "Supplier Part Number 1"; Value = ""; VariantName = "[No Variations]"
Add component (AddParameter): Name = "Supplier Part Number 2"; Value = "311-470GRCT-ND"; VariantName = "[No Variations]"
Add component (AddParameter): Name = "Value"; Value = "0R"; VariantName = "[No Variations]"
Added Component: Designator=R7(RES_0603)
Add component (AddParameter): Name = "ERP"; Value = ""; VariantName = "[No Variations]"
Add component (AddParameter): Name = "Manufacturer 1"; Value = "YAGEO"; VariantName = "[No Variations]"
Add component (AddParameter): Name = "Manufacturer Part Number 1"; Value = "RC0603JR-07470RL"; VariantName = "[No Variations]"
Add component (AddParameter): Name = "Package"; Value = "0603"; VariantName = "[No Variations]"
Add component (AddParameter): Name = "Supplier 1"; Value = ""; VariantName = "[No Variations]"
Add component (AddParameter): Name = "Supplier 2"; Value = "Digikey"; VariantName = "[No Variations]"
Add component (AddParameter): Name = "Supplier Part Number 1"; Value = ""; VariantName = "[No Variations]"
Add component (AddParameter): Name = "Supplier Part Number 2"; Value = "311-470GRCT-ND"; VariantName = "[No Variations]"
Add component (AddParameter): Name = "Value"; Value = "0R"; VariantName = "[No Variations]"
Added Component: Designator=R8(RES_0603)
Add component (AddParameter): Name = "ERP"; Value = ""; VariantName = "[No Variations]"
Add component (AddParameter): Name = "Manufacturer 1"; Value = "YAGEO"; VariantName = "[No Variations]"
Add component (AddParameter): Name = "Manufacturer Part Number 1"; Value = "RC0603JR-07470RL"; VariantName = "[No Variations]"
Add component (AddParameter): Name = "Package"; Value = "0603"; VariantName = "[No Variations]"
Add component (AddParameter): Name = "Supplier 1"; Value = ""; VariantName = "[No Variations]"
Add component (AddParameter): Name = "Supplier 2"; Value = "Digikey"; VariantName = "[No Variations]"
Add component (AddParameter): Name = "Supplier Part Number 1"; Value = ""; VariantName = "[No Variations]"
Add component (AddParameter): Name = "Supplier Part Number 2"; Value = "311-470GRCT-ND"; VariantName = "[No Variations]"
Add component (AddParameter): Name = "Value"; Value = "0R"; VariantName = "[No Variations]"
Added Component: Designator=R10(RES_0603)
Add component (AddParameter): Name = "ERP"; Value = ""; VariantName = "[No Variations]"
Add component (AddParameter): Name = "Manufacturer 1"; Value = "YAGEO"; VariantName = "[No Variations]"
Add component (AddParameter): Name = "Manufacturer Part Number 1"; Value = "RC0603JR-07470RL"; VariantName = "[No Variations]"
Add component (AddParameter): Name = "Package"; Value = "0603"; VariantName = "[No Variations]"
Add component (AddParameter): Name = "Supplier 1"; Value = ""; VariantName = "[No Variations]"
Add component (AddParameter): Name = "Supplier 2"; Value = "Digikey"; VariantName = "[No Variations]"
Add component (AddParameter): Name = "Supplier Part Number 1"; Value = ""; VariantName = "[No Variations]"
Add component (AddParameter): Name = "Supplier Part Number 2"; Value = "311-470GRCT-ND"; VariantName = "[No Variations]"
Add component (AddParameter): Name = "Value"; Value = "0R"; VariantName = "[No Variations]"
Added Component: Designator=R11(RES_0603)
Add component (AddParameter): Name = "ERP"; Value = ""; VariantName = "[No Variations]"
Add component (AddParameter): Name = "Manufacturer 1"; Value = "YAGEO"; VariantName = "[No Variations]"
Add component (AddParameter): Name = "Manufacturer Part Number 1"; Value = "RC0603JR-07470RL"; VariantName = "[No Variations]"
Add component (AddParameter): Name = "Package"; Value = "0603"; VariantName = "[No Variations]"
Add component (AddParameter): Name = "Supplier 1"; Value = ""; VariantName = "[No Variations]"
Add component (AddParameter): Name = "Supplier 2"; Value = "Digikey"; VariantName = "[No Variations]"
Add component (AddParameter): Name = "Supplier Part Number 1"; Value = ""; VariantName = "[No Variations]"
Add component (AddParameter): Name = "Supplier Part Number 2"; Value = "311-470GRCT-ND"; VariantName = "[No Variations]"
Add component (AddParameter): Name = "Value"; Value = "0R"; VariantName = "[No Variations]"
Added Component: Designator=R12(RES_0603)
Add component (AddParameter): Name = "ERP"; Value = ""; VariantName = "[No Variations]"
Add component (AddParameter): Name = "Manufacturer 1"; Value = "YAGEO"; VariantName = "[No Variations]"
Add component (AddParameter): Name = "Manufacturer Part Number 1"; Value = "RC0603JR-07470RL"; VariantName = "[No Variations]"
Add component (AddParameter): Name = "Package"; Value = "0603"; VariantName = "[No Variations]"
Add component (AddParameter): Name = "Supplier 1"; Value = ""; VariantName = "[No Variations]"
Add component (AddParameter): Name = "Supplier 2"; Value = "Digikey"; VariantName = "[No Variations]"
Add component (AddParameter): Name = "Supplier Part Number 1"; Value = ""; VariantName = "[No Variations]"
Add component (AddParameter): Name = "Supplier Part Number 2"; Value = "311-470GRCT-ND"; VariantName = "[No Variations]"
Add component (AddParameter): Name = "Value"; Value = "0R"; VariantName = "[No Variations]"
Added Component: Designator=R13(RES_0603)
Add component (AddParameter): Name = "ERP"; Value = ""; VariantName = "[No Variations]"
Add component (AddParameter): Name = "Manufacturer 1"; Value = "YAGEO"; VariantName = "[No Variations]"
Add component (AddParameter): Name = "Manufacturer Part Number 1"; Value = "RC0603JR-07470RL"; VariantName = "[No Variations]"
Add component (AddParameter): Name = "Package"; Value = "0603"; VariantName = "[No Variations]"
Add component (AddParameter): Name = "Supplier 1"; Value = ""; VariantName = "[No Variations]"
Add component (AddParameter): Name = "Supplier 2"; Value = "Digikey"; VariantName = "[No Variations]"
Add component (AddParameter): Name = "Supplier Part Number 1"; Value = ""; VariantName = "[No Variations]"
Add component (AddParameter): Name = "Supplier Part Number 2"; Value = "311-470GRCT-ND"; VariantName = "[No Variations]"
Add component (AddParameter): Name = "Value"; Value = "0R"; VariantName = "[No Variations]"
Added Pin To Net: NetName=IO0 Pin=M1-27
Added Pin To Net: NetName=GND Pin=M1-48
Added Pin To Net: NetName=GND Pin=M1-49
Added Pin To Net: NetName=ENC_B_OUT Pin=R6-1
Added Pin To Net: NetName=RXD0 Pin=R7-1
Added Pin To Net: NetName=NetM1_37 Pin=R7-2
Added Pin To Net: NetName=TXD0 Pin=R8-1
Added Pin To Net: NetName=NetM1_36 Pin=R8-2
Added Pin To Net: NetName=ENC_A_OUT Pin=R10-1
Added Pin To Net: NetName=NetM1_35 Pin=R10-2
Added Pin To Net: NetName=HEARTBEAT Pin=R11-1
Added Pin To Net: NetName=NetM1_8 Pin=R11-2
Added Pin To Net: NetName=NetM1_33 Pin=R12-2
Added Pin To Net: NetName=NetM1_9 Pin=R13-1
Added Pin To Net: NetName=NetM1_10 Pin=R15-1
Added Pin To Net: NetName=IR_OUT Pin=R16-1
Added Pin To Net: NetName=NetM1_12 Pin=R16-2
Added Pin To Net: NetName=NetM1_30 Pin=R17-2
Added Pin To Net: NetName=NetM1_13 Pin=R19-1
Added Pin To Net: NetName=SCL Pin=R19-2
Added Pin To Net: NetName=NetM1_13 Pin=R20-1
Added Pin To Net: NetName=NetM1_28 Pin=R21-2
Added Pin To Net: NetName=3V3 Pin=R23-2
Added Pin To Net: NetName=NetM1_16 Pin=R24-1
Added Pin To Net: NetName=GND Pin=R24-2
Added Pin To Net: NetName=SDA Pin=R27-2
Change Net Name : Old Net Name=NetR7_1 New Net Name=NetR25_1
Change Net Name : Old Net Name=NetR9_1 New Net Name=NetR28_1
Change Net Name : Old Net Name=NetR13_1 New Net Name=NetR32_1
Change Net Name : Old Net Name=NetR32_1 New Net Name=NetR34_1
Change Net Name : Old Net Name=NetR36_1 New Net Name=NetR35_1
Change Net Name : Old Net Name=NetR37_1 New Net Name=NetR36_1
Change Net Name : Old Net Name=NetR43_1 New Net Name=NetR40_1
Change Net Name : Old Net Name=NetR45_2 New Net Name=NetR42_2
Change Net Name : Old Net Name=NetR46_1 New Net Name=NetR43_1
Change Net Name : Old Net Name=NetR47_2 New Net Name=NetR44_2
Change Net Name : Old Net Name=NetR55_1 New Net Name=NetR52_1
Added Pin To Net: NetName=NetM1_14 Pin=M1-14
Added Pin To Net: NetName=NetM1_14 Pin=R22-1
Added Net: Name=NetM1_14
Added Pin To Net: NetName=NetM1_15 Pin=M1-15
Added Pin To Net: NetName=NetM1_15 Pin=R23-1
Added Net: Name=NetM1_15
Added Pin To Net: NetName=NetM1_17 Pin=M1-17
Added Pin To Net: NetName=NetM1_17 Pin=R27-1
Added Net: Name=NetM1_17
Added Pin To Net: NetName=NetM1_32 Pin=M1-32
Added Pin To Net: NetName=NetM1_32 Pin=R14-2
Added Net: Name=NetM1_32
Added Pin To Net: NetName=NetM1_38 Pin=M1-38
Added Pin To Net: NetName=NetM1_38 Pin=R6-2
Added Net: Name=NetM1_38
Added Pin To Net: NetName=NetM1_39 Pin=M1-39
Added Pin To Net: NetName=NetM1_39 Pin=R5-2
Added Net: Name=NetM1_39
Added Pin To Net: NetName=USB_DM Pin=R22-2
Added Net: Name=USB_DM
Added Pin To Net: NetName=USB_DP Pin=R20-2
Added Net: Name=USB_DP
