Removed Pin From Net: NetName=3V3 Pin=C10-1
Removed Pin From Net: NetName=GND Pin=C10-2
Removed Pin From Net: NetName=3V3 Pin=C11-1
Removed Pin From Net: NetName=GND Pin=C11-2
Removed Pin From Net: NetName=3V3 Pin=R17-2
Removed Pin From Net: NetName=3V3 Pin=R18-2
Removed Pin From Net: NetName=GND Pin=R19-1
Removed Pin From Net: NetName=SDA Pin=R22-1
Removed Pin From Net: NetName=3V3 Pin=R22-2
Removed Pin From Net: NetName=SCL Pin=R23-1
Removed Pin From Net: NetName=3V3 Pin=R23-2
Removed Pin From Net: NetName=3V3 Pin=U4-1
Removed Pin From Net: NetName=GND Pin=U4-2
Removed Pin From Net: NetName=GND Pin=U4-4
Removed Pin From Net: NetName=GND Pin=U4-5
Removed Pin From Net: NetName=3V3 Pin=U4-6
Removed Pin From Net: NetName=SDA Pin=U4-13
Removed Pin From Net: NetName=SCL Pin=U4-14
Removed Member From Class: ClassName=IMU Member=C10
Removed Member From Class: ClassName=IMU Member=C11
Removed Member From Class: ClassName=IMU Member=R17
Removed Member From Class: ClassName=IMU Member=R18
Removed Member From Class: ClassName=IMU Member=R19
Removed Member From Class: ClassName=IMU Member=R22
Removed Member From Class: ClassName=IMU Member=R23
Removed Member From Class: ClassName=IMU Member=R33
Removed Member From Class: ClassName=IMU Member=U4
