Removed Member From Class: ClassName=Controller Member=C12
Removed Member From Class: ClassName=IMU Member=C15
Removed Member From Class: ClassName=IMU Member=R22
Removed Member From Class: ClassName=IMU Member=R23
Removed Member From Class: ClassName=Controller Member=R33
Removed Member From Class: ClassName=Controller Member=R34
Removed Member From Class: ClassName=Controller Member=R35
Removed Member From Class: ClassName=Power Section Member=U5
Removed Member From Class: ClassName=Controller Member=U8
Removed Member From Class: ClassName=Controller Member=U9
Added Member To Class: ClassName=Controller Member=Component C2 ERP_102-1
Added Member To Class: ClassName=Controller Member=Component C4 ERP_102-1
Added Member To Class: ClassName=Controller Member=Component C6 ERP_102-1
Added Member To Class: ClassName=IMU Member=Component C9 ERP_102-1
Added Member To Class: ClassName=Power Section Member=Component C13 ERP_102-1
Added Member To Class: ClassName=Power Section Member=Component C16 ERP_102-1
Added Member To Class: ClassName=Power Section Member=Component D1 ERP_104-3
Added Member To Class: ClassName=Power Section Member=Component D2 LED_2SMD
Added Member To Class: ClassName=Controller Member=Component J2 Terminal_Block_4Pin_2.54P
Added Member To Class: ClassName=Controller Member=Component R1 ERP_101-1
Added Member To Class: ClassName=Controller Member=Component R2 ERP_101-1
Added Member To Class: ClassName=Controller Member=Component R4 ERP_101-1
Added Member To Class: ClassName=Controller Member=Component R5 ERP_101-1
Added Member To Class: ClassName=Controller Member=Component R7 ERP_101-1
Added Member To Class: ClassName=Controller Member=Component R8 ERP_101-1
Added Member To Class: ClassName=Controller Member=Component R10 ERP_101-1
Added Member To Class: ClassName=Controller Member=Component R13 ERP_101-1
Added Member To Class: ClassName=Controller Member=Component R15 ERP_101-1
Added Member To Class: ClassName=Controller Member=Component R16 ERP_101-1
Added Member To Class: ClassName=IMU Member=Component R25 ERP_101-1
Added Member To Class: ClassName=IMU Member=Component R27 ERP_101-1
Added Member To Class: ClassName=IMU Member=Component R29 ERP_101-1
Added Member To Class: ClassName=Controller Member=Component U2 FOD817A3SD
Added Member To Class: ClassName=Controller Member=Component U3 74LVC125ABQ
Added Member To Class: ClassName=Power Section Member=Component U7 XL4015
