Change Component Designator: OldDesignator=C1 NewDesignator=C?
Change Component Designator: OldDesignator=C2 NewDesignator=C?
Change Component Designator: OldDesignator=C3 NewDesignator=C?
Change Component Designator: OldDesignator=C4 NewDesignator=C?
Change Component Designator: OldDesignator=C5 NewDesignator=C?
Change Component Designator: OldDesignator=C6 NewDesignator=C?
Change Component Designator: OldDesignator=C7 NewDesignator=C?
Change Component Designator: OldDesignator=C8 NewDesignator=C?
Change Component Designator: OldDesignator=C9 NewDesignator=C?
Change Component Designator: OldDesignator=C10 NewDesignator=C?
Change Component Designator: OldDesignator=C11 NewDesignator=C?
Change Component Designator: OldDesignator=C12 NewDesignator=C?
Change Component Designator: OldDesignator=C13 NewDesignator=C?
Change Component Designator: OldDesignator=C14 NewDesignator=C?
Change Component Designator: OldDesignator=C15 NewDesignator=C?
Change Component Designator: OldDesignator=C16 NewDesignator=C?
Change Component Designator: OldDesignator=D1 NewDesignator=D?
Change Component Designator: OldDesignator=D2 NewDesignator=D?
Change Component Designator: OldDesignator=D3 NewDesignator=D?
Change Component Designator: OldDesignator=D4 NewDesignator=D?
Change Component Designator: OldDesignator=D5 NewDesignator=D?
Change Component Designator: OldDesignator=D6 NewDesignator=D?
Change Component Designator: OldDesignator=F1 NewDesignator=F?
Change Component Designator: OldDesignator=J1 NewDesignator=J?
Change Component Designator: OldDesignator=J2 NewDesignator=J?
Change Component Designator: OldDesignator=J3 NewDesignator=J?
Change Component Designator: OldDesignator=J4 NewDesignator=J?
Change Component Designator: OldDesignator=J5 NewDesignator=J?
Change Component Designator: OldDesignator=J6 NewDesignator=J?
Change Component Designator: OldDesignator=L1 NewDesignator=L?
Change Component Designator: OldDesignator=M1 NewDesignator=M?
Change Component Designator: OldDesignator=Q1 NewDesignator=Q?
Change Component Designator: OldDesignator=Q2 NewDesignator=Q?
Change Component Designator: OldDesignator=Q3 NewDesignator=Q?
Change Component Designator: OldDesignator=R1 NewDesignator=R?
Change Component Designator: OldDesignator=R2 NewDesignator=R?
Change Component Designator: OldDesignator=R3 NewDesignator=R?
Change Component Designator: OldDesignator=R4 NewDesignator=R?
Change Component Designator: OldDesignator=R5 NewDesignator=R?
Change Component Designator: OldDesignator=R6 NewDesignator=R?
Change Component Designator: OldDesignator=R7 NewDesignator=R?
Change Component Designator: OldDesignator=R8 NewDesignator=R?
Change Component Designator: OldDesignator=R9 NewDesignator=R?
Change Component Designator: OldDesignator=R10 NewDesignator=R?
Change Component Designator: OldDesignator=R11 NewDesignator=R?
Change Component Designator: OldDesignator=R12 NewDesignator=R?
Change Component Designator: OldDesignator=R13 NewDesignator=R?
Change Component Designator: OldDesignator=R14 NewDesignator=R?
Change Component Designator: OldDesignator=R15 NewDesignator=R?
Change Component Designator: OldDesignator=R16 NewDesignator=R?
Change Component Designator: OldDesignator=R17 NewDesignator=R?
Change Component Designator: OldDesignator=R18 NewDesignator=R?
Change Component Designator: OldDesignator=R19 NewDesignator=R?
Change Component Designator: OldDesignator=R20 NewDesignator=R?
Change Component Designator: OldDesignator=R21 NewDesignator=R?
Change Component Designator: OldDesignator=R22 NewDesignator=R?
Change Component Designator: OldDesignator=R23 NewDesignator=R?
Change Component Designator: OldDesignator=R24 NewDesignator=R?
Change Component Designator: OldDesignator=R25 NewDesignator=R?
Change Component Designator: OldDesignator=R26 NewDesignator=R?
Change Component Designator: OldDesignator=R27 NewDesignator=R?
Change Component Designator: OldDesignator=R28 NewDesignator=R?
Change Component Designator: OldDesignator=R29 NewDesignator=R?
Change Component Designator: OldDesignator=R30 NewDesignator=R?
Change Component Designator: OldDesignator=R31 NewDesignator=R?
Change Component Designator: OldDesignator=R32 NewDesignator=R?
Change Component Designator: OldDesignator=R33 NewDesignator=R?
Change Component Designator: OldDesignator=R34 NewDesignator=R?
Change Component Designator: OldDesignator=R35 NewDesignator=R?
Change Component Designator: OldDesignator=R36 NewDesignator=R?
Change Component Designator: OldDesignator=R37 NewDesignator=R?
Change Component Designator: OldDesignator=R38 NewDesignator=R?
Change Component Designator: OldDesignator=R39 NewDesignator=R?
Change Component Designator: OldDesignator=R40 NewDesignator=R?
Change Component Designator: OldDesignator=R41 NewDesignator=R?
Change Component Designator: OldDesignator=R42 NewDesignator=R?
Change Component Designator: OldDesignator=R43 NewDesignator=R?
Change Component Designator: OldDesignator=R44 NewDesignator=R?
Change Component Designator: OldDesignator=R45 NewDesignator=R?
Change Component Designator: OldDesignator=R46 NewDesignator=R?
Change Component Designator: OldDesignator=R47 NewDesignator=R?
Change Component Designator: OldDesignator=R48 NewDesignator=R?
Change Component Designator: OldDesignator=R49 NewDesignator=R?
Change Component Designator: OldDesignator=R50 NewDesignator=R?
Change Component Designator: OldDesignator=R51 NewDesignator=R?
Change Component Designator: OldDesignator=R52 NewDesignator=R?
Change Component Designator: OldDesignator=R53 NewDesignator=R?
Change Component Designator: OldDesignator=R54 NewDesignator=R?
Change Component Designator: OldDesignator=R55 NewDesignator=R?
Change Component Designator: OldDesignator=R56 NewDesignator=R?
Change Component Designator: OldDesignator=R57 NewDesignator=R?
Change Component Designator: OldDesignator=R58 NewDesignator=R?
Change Component Designator: OldDesignator=R59 NewDesignator=R?
Change Component Designator: OldDesignator=R60 NewDesignator=R?
Change Component Designator: OldDesignator=R61 NewDesignator=R?
Change Component Designator: OldDesignator=R62 NewDesignator=R?
Change Component Designator: OldDesignator=R63 NewDesignator=R?
Change Component Designator: OldDesignator=R64 NewDesignator=R?
Change Component Designator: OldDesignator=R65 NewDesignator=R?
Change Component Designator: OldDesignator=R66 NewDesignator=R?
Change Component Designator: OldDesignator=R67 NewDesignator=R?
Change Component Designator: OldDesignator=R68 NewDesignator=R?
Change Component Designator: OldDesignator=SW1 NewDesignator=SW?
Change Component Designator: OldDesignator=SW2 NewDesignator=SW?
Change Component Designator: OldDesignator=SW3 NewDesignator=SW?
Change Component Designator: OldDesignator=SW4 NewDesignator=SW?
Change Component Designator: OldDesignator=U1 NewDesignator=U?
Change Component Designator: OldDesignator=U2 NewDesignator=U?
Change Component Designator: OldDesignator=U3 NewDesignator=U?
Change Component Designator: OldDesignator=U4 NewDesignator=U?
Change Component Designator: OldDesignator=U5 NewDesignator=U?
Change Component Designator: OldDesignator=U6 NewDesignator=U?
Change Component Designator: OldDesignator=U7 NewDesignator=U?
Change Component Designator: OldDesignator=U8 NewDesignator=U?
Change Component Designator: OldDesignator=U9 NewDesignator=U?
Change Component Designator: OldDesignator=U10 NewDesignator=U?
Change Component Designator: OldDesignator=U11 NewDesignator=U?
Change Net Name : Old Net Name=NetC10_2 New Net Name=NetC?_2
Change Net Name : Old Net Name=NetD1_1 New Net Name=NetD?_1
Change Net Name : Old Net Name=NetD2_1 New Net Name=NetD?_1
Change Net Name : Old Net Name=NetD2_2 New Net Name=NetD?_2
Change Net Name : Old Net Name=NetD3_1 New Net Name=NetD?_1
Change Net Name : Old Net Name=NetD3_2 New Net Name=NetD?_2
Change Net Name : Old Net Name=NetD4_1 New Net Name=NetD?_1
Change Net Name : Old Net Name=NetD5_1 New Net Name=NetD?_1
Change Net Name : Old Net Name=NetD6_1 New Net Name=NetD?_1
Change Net Name : Old Net Name=NetD6_2 New Net Name=NetD?_2
Change Net Name : Old Net Name=NetJ5_A5 New Net Name=NetJ?_A5
Change Net Name : Old Net Name=NetJ5_B5 New Net Name=NetJ?_B5
Change Net Name : Old Net Name=NetM1_3 New Net Name=NetM?_3
Change Net Name : Old Net Name=NetM1_8 New Net Name=NetM?_8
Change Net Name : Old Net Name=NetM1_9 New Net Name=NetM?_9
Change Net Name : Old Net Name=NetM1_10 New Net Name=NetM?_10
Change Net Name : Old Net Name=NetM1_11 New Net Name=NetM?_11
Change Net Name : Old Net Name=NetM1_12 New Net Name=NetM?_12
Change Net Name : Old Net Name=NetM1_13 New Net Name=NetM?_13
Change Net Name : Old Net Name=NetM1_16 New Net Name=NetM?_16
Change Net Name : Old Net Name=NetM1_25 New Net Name=NetM?_25
Change Net Name : Old Net Name=NetM1_26 New Net Name=NetM?_26
Change Net Name : Old Net Name=NetM1_28 New Net Name=NetM?_28
Change Net Name : Old Net Name=NetM1_30 New Net Name=NetM?_30
Change Net Name : Old Net Name=NetM1_31 New Net Name=NetM?_31
Change Net Name : Old Net Name=NetM1_33 New Net Name=NetM?_33
Change Net Name : Old Net Name=NetM1_36 New Net Name=NetM?_36
Change Net Name : Old Net Name=NetQ1_1 New Net Name=NetQ?_1
Change Net Name : Old Net Name=NetQ2_1 New Net Name=NetQ?_1
Change Net Name : Old Net Name=NetQ3_1 New Net Name=NetQ?_1
Change Net Name : Old Net Name=NetQ3_3 New Net Name=NetQ?_3
Change Net Name : Old Net Name=NetR1_1 New Net Name=NetR?_1
Change Net Name : Old Net Name=NetR3_1 New Net Name=NetR?_1
Change Net Name : Old Net Name=NetR5_1 New Net Name=NetR?_1
Change Net Name : Old Net Name=NetR6_1 New Net Name=NetR?_1
Change Net Name : Old Net Name=NetR15_2 New Net Name=NetR?_2
Change Net Name : Old Net Name=NetR16_1 New Net Name=NetR?_1
Change Net Name : Old Net Name=NetR17_1 New Net Name=NetR?_1
Change Net Name : Old Net Name=NetR20_1 New Net Name=NetR?_1
Change Net Name : Old Net Name=NetR23_1 New Net Name=NetR?_1
Change Net Name : Old Net Name=NetR38_2 New Net Name=NetR?_2
Change Net Name : Old Net Name=NetR39_2 New Net Name=NetR?_2
Change Net Name : Old Net Name=NetR40_2 New Net Name=NetR?_2
Change Net Name : Old Net Name=NetR42_2 New Net Name=NetR?_2
Change Net Name : Old Net Name=NetR43_2 New Net Name=NetR?_2
Change Net Name : Old Net Name=NetR48_1 New Net Name=NetR?_1
Change Net Name : Old Net Name=NetR49_2 New Net Name=NetR?_2
Change Net Name : Old Net Name=NetR53_2 New Net Name=NetR?_2
Change Net Name : Old Net Name=NetR54_2 New Net Name=NetR?_2
Change Net Name : Old Net Name=NetR59_1 New Net Name=NetR?_1
Change Net Name : Old Net Name=NetR64_1 New Net Name=NetR?_1
