Added Component: Designator=J7(GSB1CA11101DSHR)
Add component (AddParameter): Name = "Manufacturer 1"; Value = "Amphenol ICC (Commercial Products)"; VariantName = "[No Variations]"
Add component (AddParameter): Name = "Manufacturer Part Number 1"; Value = "GSB1CA11101DSHR"; VariantName = "[No Variations]"
Add component (AddParameter): Name = "Package"; Value = "24 (16+8 Dummy)"; VariantName = "[No Variations]"
Add component (AddParameter): Name = "Value"; Value = "MUP-U23010-02"; VariantName = "[No Variations]"
Added Component: Designator=R62(RES_0603)
Add component (AddParameter): Name = "Manufacturer 1"; Value = ""; VariantName = "[No Variations]"
Add component (AddParameter): Name = "Manufacturer Part Number 1"; Value = ""; VariantName = "[No Variations]"
Add component (AddParameter): Name = "Package"; Value = "0603"; VariantName = "[No Variations]"
Add component (AddParameter): Name = "Value"; Value = "4k7"; VariantName = "[No Variations]"
Added Component: Designator=R63(RES_0603)
Add component (AddParameter): Name = "Manufacturer 1"; Value = ""; VariantName = "[No Variations]"
Add component (AddParameter): Name = "Manufacturer Part Number 1"; Value = ""; VariantName = "[No Variations]"
Add component (AddParameter): Name = "Package"; Value = "0603"; VariantName = "[No Variations]"
Add component (AddParameter): Name = "Value"; Value = "4k7"; VariantName = "[No Variations]"
Added Pin To Net: NetName=GND Pin=J7-A1
Added Pin To Net: NetName=USB_DP Pin=J7-A6
Added Pin To Net: NetName=USB_DM Pin=J7-A7
Added Pin To Net: NetName=GND Pin=J7-A12
Added Pin To Net: NetName=GND Pin=J7-B1
Added Pin To Net: NetName=USB_DP Pin=J7-B6
Added Pin To Net: NetName=USB_DM Pin=J7-B7
Added Pin To Net: NetName=GND Pin=J7-B12
Added Pin To Net: NetName=GND Pin=J7-SH1
Added Pin To Net: NetName=GND Pin=J7-SH2
Added Pin To Net: NetName=GND Pin=J7-SH3
Added Pin To Net: NetName=GND Pin=J7-SH4
Added Pin To Net: NetName=GND Pin=R62-2
Added Pin To Net: NetName=GND Pin=R63-2
Added Pin To Net: NetName=NetJ7_A5 Pin=J7-A5
Added Pin To Net: NetName=NetJ7_A5 Pin=R62-1
Added Net: Name=NetJ7_A5
Added Pin To Net: NetName=NetJ7_B5 Pin=J7-B5
Added Pin To Net: NetName=NetJ7_B5 Pin=R63-1
Added Net: Name=NetJ7_B5
Add Differential Pair: Number of nets in differential pair USB_DM is 1 instead of 2
Add Differential Pair: Number of nets in differential pair USB_DP is 1 instead of 2
Added Member To Class: ClassName=Controller Member=Component J7 GSB1CA11101DSHR
Added Member To Class: ClassName=Controller Member=Component R62 ERP_101-1
Added Member To Class: ClassName=Controller Member=Component R63 ERP_101-1
Added Rule: Name=Schematic Differential Pairs Routing_2
Added Rule: Name=Schematic Differential Pairs Routing_3
