Removed Pin From Net: NetName=3V3 Pin=C14-1
Removed Pin From Net: NetName=GND Pin=C14-2
Removed Pin From Net: NetName=3V3 Pin=C15-1
Removed Pin From Net: NetName=GND Pin=C15-2
Removed Pin From Net: NetName=3V3 Pin=R31-1
Removed Pin From Net: NetName=SDA Pin=R31-2
Removed Pin From Net: NetName=3V3 Pin=R32-1
Removed Pin From Net: NetName=SCL Pin=R32-2
Removed Pin From Net: NetName=GND Pin=R35-1
Removed Pin From Net: NetName=SCL Pin=U6-1
Removed Pin From Net: NetName=SDA Pin=U6-4
Removed Pin From Net: NetName=GND Pin=U6-6
Removed Pin From Net: NetName=GND Pin=U6-7
Removed Pin From Net: NetName=GND Pin=U6-8
Removed Pin From Net: NetName=3V3 Pin=U6-9
Removed Pin From Net: NetName=3V3 Pin=U6-10
Removed Member From Class: ClassName=IMU Member=C14
Removed Member From Class: ClassName=IMU Member=C15
Removed Member From Class: ClassName=IMU Member=R31
Removed Member From Class: ClassName=IMU Member=R32
Removed Member From Class: ClassName=IMU Member=R34
Removed Member From Class: ClassName=IMU Member=R35
Removed Member From Class: ClassName=IMU Member=U6
