Added Member To Class: ClassName=Controller Member=Component C3 ERP_102-1
Added Member To Class: ClassName=Controller Member=Component C4 ERP_102-1
Added Member To Class: ClassName=Controller Member=Component C5 ERP_102-1
Added Member To Class: ClassName=Power Section Member=Component D5 LED_3MM_RIGHT_ANGLE
Added Member To Class: ClassName=Controller Member=Component J4 ERP_148-2
Added Member To Class: ClassName=Controller Member=Component R3 ERP_101-1
Added Member To Class: ClassName=Controller Member=Component R4 ERP_101-1
Added Member To Class: ClassName=Controller Member=Component R14 ERP_101-1
Added Member To Class: ClassName=Controller Member=Component R21 ERP_101-1
Added Member To Class: ClassName=Controller Member=Component R24 ERP_101-1
Added Member To Class: ClassName=Controller Member=Component R25 ERP_101-1
Added Member To Class: ClassName=Controller Member=Component R27 ERP_101-1
Added Member To Class: ClassName=Controller Member=Component R28 ERP_101-1
Added Member To Class: ClassName=Controller Member=Component R29 ERP_101-1
Added Member To Class: ClassName=Controller Member=Component R31 ERP_101-1
Added Member To Class: ClassName=Controller Member=Component R32 ERP_101-1
Added Member To Class: ClassName=Controller Member=Component R33 ERP_101-1
Added Member To Class: ClassName=Controller Member=Component R34 ERP_101-1
Added Member To Class: ClassName=Controller Member=Component R35 ERP_101-1
Added Member To Class: ClassName=Controller Member=Component R36 ERP_101-1
Added Member To Class: ClassName=Controller Member=Component R37 ERP_101-1
Added Member To Class: ClassName=Controller Member=Component R40 ERP_101-1
Added Member To Class: ClassName=Controller Member=Component R43 ERP_101-1
Added Member To Class: ClassName=Controller Member=Component R45 ERP_101-1
Added Member To Class: ClassName=Controller Member=Component U5 74LVC125A
