Removed Member From Class: ClassName=Controller Member=R50
Removed Member From Class: ClassName=Controller Member=R59
Change Component Designator: OldDesignator=C3 NewDesignator=C2
Change Component Designator: OldDesignator=C5 NewDesignator=C3
Change Component Designator: OldDesignator=C6 NewDesignator=C4
Change Component Designator: OldDesignator=C7 NewDesignator=C5
Change Component Designator: OldDesignator=C8 NewDesignator=C6
Change Component Designator: OldDesignator=C9 NewDesignator=C7
Change Component Designator: OldDesignator=C10 NewDesignator=C8
Change Component Designator: OldDesignator=C11 NewDesignator=C9
Change Component Designator: OldDesignator=C12 NewDesignator=C10
Change Component Designator: OldDesignator=C13 NewDesignator=C11
Change Component Designator: OldDesignator=C14 NewDesignator=C12
Change Component Designator: OldDesignator=C15 NewDesignator=C14
Change Component Designator: OldDesignator=C16 NewDesignator=C13
Change Component Designator: OldDesignator=D1 NewDesignator=D2
Change Component Designator: OldDesignator=D2 NewDesignator=D3
Change Component Designator: OldDesignator=D3 NewDesignator=D4
Change Component Designator: OldDesignator=D4 NewDesignator=D1
Change Component Designator: OldDesignator=R11 NewDesignator=R13
Change Component Designator: OldDesignator=R12 NewDesignator=R29
Change Component Designator: OldDesignator=R13 NewDesignator=R33
Change Component Designator: OldDesignator=R14 NewDesignator=R37
Change Component Designator: OldDesignator=R15 NewDesignator=R38
Change Component Designator: OldDesignator=R16 NewDesignator=R39
Change Component Designator: OldDesignator=R17 NewDesignator=R40
Change Component Designator: OldDesignator=R18 NewDesignator=R41
Change Component Designator: OldDesignator=R19 NewDesignator=R42
Change Component Designator: OldDesignator=R20 NewDesignator=R43
Change Component Designator: OldDesignator=R21 NewDesignator=R44
Change Component Designator: OldDesignator=R22 NewDesignator=R45
Change Component Designator: OldDesignator=R23 NewDesignator=R47
Change Component Designator: OldDesignator=R24 NewDesignator=R48
Change Component Designator: OldDesignator=R25 NewDesignator=R49
Change Component Designator: OldDesignator=R26 NewDesignator=R50
Change Component Designator: OldDesignator=R27 NewDesignator=R51
Change Component Designator: OldDesignator=R28 NewDesignator=R52
Change Component Designator: OldDesignator=R29 NewDesignator=R53
Change Component Designator: OldDesignator=R30 NewDesignator=R54
Change Component Designator: OldDesignator=R31 NewDesignator=R55
Change Component Designator: OldDesignator=R32 NewDesignator=R57
Change Component Designator: OldDesignator=R33 NewDesignator=R58
Change Component Designator: OldDesignator=R34 NewDesignator=R61
Change Component Designator: OldDesignator=R35 NewDesignator=R59
Change Component Designator: OldDesignator=R36 NewDesignator=R60
Change Component Designator: OldDesignator=R37 NewDesignator=R56
Change Component Designator: OldDesignator=R38 NewDesignator=R14
Change Component Designator: OldDesignator=R39 NewDesignator=R15
Change Component Designator: OldDesignator=R40 NewDesignator=R16
Change Component Designator: OldDesignator=R41 NewDesignator=R17
Change Component Designator: OldDesignator=R42 NewDesignator=R18
Change Component Designator: OldDesignator=R43 NewDesignator=R19
Change Component Designator: OldDesignator=R44 NewDesignator=R20
Change Component Designator: OldDesignator=R45 NewDesignator=R21
Change Component Designator: OldDesignator=R46 NewDesignator=R22
Change Component Designator: OldDesignator=R47 NewDesignator=R26
Change Component Designator: OldDesignator=R48 NewDesignator=R35
Change Component Designator: OldDesignator=R49 NewDesignator=R36
Change Component Designator: OldDesignator=R50 NewDesignator=R23
Change Component Designator: OldDesignator=R51 NewDesignator=R24
Change Component Designator: OldDesignator=R52 NewDesignator=R25
Change Component Designator: OldDesignator=R53 NewDesignator=R27
Change Component Designator: OldDesignator=R54 NewDesignator=R28
Change Component Designator: OldDesignator=R55 NewDesignator=R30
Change Component Designator: OldDesignator=R56 NewDesignator=R31
Change Component Designator: OldDesignator=R57 NewDesignator=R32
Change Component Designator: OldDesignator=R58 NewDesignator=R34
Change Component Designator: OldDesignator=R59 NewDesignator=R46
Change Component Designator: OldDesignator=U8 NewDesignator=U9
Change Component Designator: OldDesignator=U9 NewDesignator=U8
Added Component: Designator=R11(RES_0603)
Add component (AddParameter): Name = "ERP"; Value = ""; VariantName = "[No Variations]"
Add component (AddParameter): Name = "Manufacturer 1"; Value = "YAGEO"; VariantName = "[No Variations]"
Add component (AddParameter): Name = "Manufacturer Part Number 1"; Value = "RC0603FR-071KL"; VariantName = "[No Variations]"
Add component (AddParameter): Name = "Package"; Value = "0603"; VariantName = "[No Variations]"
Add component (AddParameter): Name = "Value"; Value = "4k7"; VariantName = "[No Variations]"
Added Component: Designator=R12(RES_0603)
Add component (AddParameter): Name = "ERP"; Value = ""; VariantName = "[No Variations]"
Add component (AddParameter): Name = "Manufacturer 1"; Value = "YAGEO"; VariantName = "[No Variations]"
Add component (AddParameter): Name = "Manufacturer Part Number 1"; Value = "RC0603FR-071KL"; VariantName = "[No Variations]"
Add component (AddParameter): Name = "Package"; Value = "0603"; VariantName = "[No Variations]"
Add component (AddParameter): Name = "Value"; Value = "4k7"; VariantName = "[No Variations]"
Added Pin To Net: NetName=5V0 Pin=R11-1
Added Pin To Net: NetName=ENC_IN_A_5V Pin=R11-2
Added Pin To Net: NetName=5V0 Pin=R12-1
Added Pin To Net: NetName=ENC_IN_B_5V Pin=R12-2
Change Net Name : Old Net Name=NetC10_2 New Net Name=NetC8_2
Change Net Name : Old Net Name=NetD1_1 New Net Name=NetD2_1
Change Net Name : Old Net Name=NetD2_1 New Net Name=NetD3_1
Change Net Name : Old Net Name=NetD2_2 New Net Name=NetD3_2
Change Net Name : Old Net Name=NetD3_1 New Net Name=NetD4_1
Change Net Name : Old Net Name=NetD4_1 New Net Name=NetD1_1
Change Net Name : Old Net Name=NetR11_1 New Net Name=NetR13_1
Change Net Name : Old Net Name=NetR13_1 New Net Name=NetR33_1
Change Net Name : Old Net Name=NetR15_1 New Net Name=NetR38_1
Change Net Name : Old Net Name=NetR16_1 New Net Name=NetR39_1
Change Net Name : Old Net Name=NetR22_1 New Net Name=NetR45_1
Change Net Name : Old Net Name=NetR23_2 New Net Name=NetR47_2
Change Net Name : Old Net Name=NetR24_1 New Net Name=NetR48_1
Change Net Name : Old Net Name=NetR25_2 New Net Name=NetR49_2
Change Net Name : Old Net Name=NetR32_1 New Net Name=NetR57_1
Added Member To Class: ClassName=Controller Member=Component R29 ERP_101-1
Added Member To Class: ClassName=Controller Member=Component R33 ERP_101-1
Added Member To Class: ClassName=Controller Member=Component R37 ERP_101-1
Added Member To Class: ClassName=Controller Member=Component R47 ERP_101-1
